<?xml version="1.0" encoding="UTF-8"?>
<testsuite xmlns:xsi="http://www.w3.org/2001/XMLSchema-instance" xsi:noNamespaceSchemaLocation="https://maven.apache.org/surefire/maven-surefire-plugin/xsd/surefire-test-report.xsd" version="3.0.2" name="com.emicalculator.emi.EmiApplicationTests" time="1.691" tests="1" errors="0" skipped="0" failures="0">
  <properties>
[...]
</properties>
  <testcase name="contextLoads" classname="com.emicalculator.emi.EmiApplicationTests" time="0.455">
    <system-out><![CDATA[13:34:10.011 [main] INFO org.springframework.test.context.support.AnnotationConfigContextLoaderUtils -- Could not detect default configuration classes for test class [com.emicalculator.emi.EmiApplicationTests]: EmiApplicationTests does not declare any static, non-private, non-final, nested classes annotated with @Configuration.
13:34:10.096 [main] INFO org.springframework.boot.test.context.SpringBootTestContextBootstrapper -- Found @SpringBootConfiguration com.emicalculator.emi.EmiApplication for test class com.emicalculator.emi.EmiApplicationTests

  .   ____          _            __ _ _
 /\\ / ___'_ __ _ _(_)_ __  __ _ \ \ \ \
( ( )\___ | '_ | '_| | '_ \/ _` | \ \ \ \
 \\/  ___)| |_)| | | | | || (_| |  ) ) ) )
  '  |____| .__|_| |_|_| |_\__, | / / / /
 =========|_|==============|___/=/_/_/_/

 :: Spring Boot ::                (v3.5.6)

2025-10-05T13:34:10.400-03:00  INFO 26432 --- [emi] [           main] c.emicalculator.emi.EmiApplicationTests  : Starting EmiApplicationTests using Java 21.0.8 with PID 26432 (started by Administrador in C:\Users\Administrador\Desktop\Projeto Emi\emi backend)
2025-10-05T13:34:10.401-03:00  INFO 26432 --- [emi] [           main] c.emicalculator.emi.EmiApplicationTests  : No active profile set, falling back to 1 default profile: "default"
2025-10-05T13:34:11.133-03:00  INFO 26432 --- [emi] [           main] c.emicalculator.emi.EmiApplicationTests  : Started EmiApplicationTests in 0.926 seconds (process running for 1.591)
]]></system-out>
    <system-err><![CDATA[Mockito is currently self-attaching to enable the inline-mock-maker. This will no longer work in future releases of the JDK. Please add Mockito as an agent to your build as described in Mockito's documentation: https://javadoc.io/doc/org.mockito/mockito-core/latest/org.mockito/org/mockito/Mockito.html#0.3
WARNING: A Java agent has been loaded dynamically (C:\Users\Administrador\.m2\repository\net\bytebuddy\byte-buddy-agent\1.17.7\byte-buddy-agent-1.17.7.jar)
WARNING: If a serviceability tool is in use, please run with -XX:+EnableDynamicAgentLoading to hide this warning
WARNING: If a serviceability tool is not in use, please run with -Djdk.instrument.traceUsage for more information
WARNING: Dynamic loading of agents will be disallowed by default in a future release
]]></system-err>
  </testcase>
</testsuite>